build/app/intermediates/manifest_merge_blame_file/release/manifest-merger-blame-release-report.txt
1<?xml version="1.0" encoding="utf-8"?>
2<manifest xmlns:android="http://schemas.android.com/apk/res/android"
3    package="com.trooper.trooper_hackout"
4    android:versionCode="1"
5    android:versionName="1.0.0" >
6
7    <uses-sdk
8        android:minSdkVersion="21"
8-->src/main/AndroidManifest.xml
9        android:targetSdkVersion="29" />
9-->src/main/AndroidManifest.xml
10
11    <uses-permission android:name="android.permission.ACCESS_COARSE_LOCATION" />
11-->src/main/AndroidManifest.xml:5:5-97
11-->src/main/AndroidManifest.xml:5:22-78
12    <uses-permission android:name="android.permission.ACCESS_FINE_LOCATION" />
12-->src/main/AndroidManifest.xml:6:5-95
12-->src/main/AndroidManifest.xml:6:22-76
13    <uses-permission android:name="android.permission.INTERNET" />
13-->src/main/AndroidManifest.xml:7:5-66
13-->src/main/AndroidManifest.xml:7:22-64
14    <uses-permission android:name="android.permission.ACCESS_NETWORK_STATE" />
14-->[:firebase_analytics] AndroidManifest.xml:7:5-79
14-->[:firebase_analytics] AndroidManifest.xml:7:22-76
15    <uses-permission android:name="android.permission.WAKE_LOCK" />
15-->[:firebase_analytics] AndroidManifest.xml:9:5-68
15-->[:firebase_analytics] AndroidManifest.xml:9:22-65
16    <uses-permission android:name="android.permission.READ_EXTERNAL_STORAGE" />
16-->[:image_picker] AndroidManifest.xml:7:5-80
16-->[:image_picker] AndroidManifest.xml:7:22-77
17    <uses-permission android:name="android.permission.WRITE_EXTERNAL_STORAGE" />
17-->[:image_picker] AndroidManifest.xml:8:5-81
17-->[:image_picker] AndroidManifest.xml:8:22-78
18    <uses-permission android:name="android.permission.RECORD_AUDIO" />
18-->[:agora_rtc_engine] AndroidManifest.xml:8:5-71
18-->[:agora_rtc_engine] AndroidManifest.xml:8:22-68
19    <uses-permission android:name="android.permission.CAMERA" />
19-->[:agora_rtc_engine] AndroidManifest.xml:9:5-65
19-->[:agora_rtc_engine] AndroidManifest.xml:9:22-62
20    <uses-permission android:name="android.permission.MODIFY_AUDIO_SETTINGS" />
20-->[:agora_rtc_engine] AndroidManifest.xml:10:5-80
20-->[:agora_rtc_engine] AndroidManifest.xml:10:22-77
21    <uses-permission android:name="android.permission.BLUETOOTH" /> <!-- Required by older versions of Google Play services to create IID tokens -->
21-->[:agora_rtc_engine] AndroidManifest.xml:13:5-68
21-->[:agora_rtc_engine] AndroidManifest.xml:13:22-65
22    <uses-permission android:name="com.google.android.c2dm.permission.RECEIVE" />
22-->[com.google.firebase:firebase-iid:21.0.0] AndroidManifest.xml:26:5-82
22-->[com.google.firebase:firebase-iid:21.0.0] AndroidManifest.xml:26:22-79
23    <uses-permission android:name="com.google.android.finsky.permission.BIND_GET_INSTALL_REFERRER_SERVICE" />
23-->[com.google.android.gms:play-services-measurement:18.0.0] AndroidManifest.xml:26:5-110
23-->[com.google.android.gms:play-services-measurement:18.0.0] AndroidManifest.xml:26:22-107
24    <!--
25 io.flutter.app.FlutterApplication is an android.app.Application that
26         calls FlutterMain.startInitialization(this); in its onCreate method.
27         In most cases you can leave this as-is, but you if you want to provide
28         additional functionality it is fine to subclass or reimplement
29         FlutterApplication and put your custom class here.
30    -->
31    <application
31-->src/main/AndroidManifest.xml:14:5-58:19
32        android:name="io.flutter.app.FlutterApplication"
32-->src/main/AndroidManifest.xml:15:9-57
33        android:appComponentFactory="androidx.core.app.CoreComponentFactory"
33-->[androidx.core:core:1.1.0] AndroidManifest.xml:24:18-86
34        android:icon="@mipmap/ic_launcher"
34-->src/main/AndroidManifest.xml:17:9-43
35        android:label="trooper_hackout" >
35-->src/main/AndroidManifest.xml:16:9-40
36        <activity
36-->src/main/AndroidManifest.xml:18:9-52:20
37            android:name="com.trooper.trooper_hackout.MainActivity"
37-->src/main/AndroidManifest.xml:19:13-41
38            android:configChanges="orientation|keyboardHidden|keyboard|screenSize|smallestScreenSize|locale|layoutDirection|fontScale|screenLayout|density|uiMode"
38-->src/main/AndroidManifest.xml:22:13-163
39            android:hardwareAccelerated="true"
39-->src/main/AndroidManifest.xml:23:13-47
40            android:launchMode="singleTop"
40-->src/main/AndroidManifest.xml:20:13-43
41            android:theme="@style/LaunchTheme"
41-->src/main/AndroidManifest.xml:21:13-47
42            android:windowSoftInputMode="adjustResize" >
42-->src/main/AndroidManifest.xml:24:13-55
43
44            <!--
45                 Specifies an Android theme to apply to this Activity as soon as
46                 the Android process has started. This theme is visible to the user
47                 while the Flutter UI initializes. After that, this theme continues
48                 to determine the Window background behind the Flutter UI.
49            -->
50            <meta-data
50-->src/main/AndroidManifest.xml:29:13-32:17
51                android:name="io.flutter.embedding.android.NormalTheme"
51-->src/main/AndroidManifest.xml:30:15-70
52                android:resource="@style/NormalTheme" />
52-->src/main/AndroidManifest.xml:31:15-52
53            <!--
54                 Displays an Android View that continues showing the launch screen
55                 Drawable until Flutter paints its first frame, then this splash
56                 screen fades out. A splash screen is useful to avoid any visual
57                 gap between the end of Android's launch screen and the painting of
58                 Flutter's first frame.
59            -->
60            <meta-data
60-->src/main/AndroidManifest.xml:38:13-41:17
61                android:name="io.flutter.embedding.android.SplashScreenDrawable"
61-->src/main/AndroidManifest.xml:39:15-79
62                android:resource="@drawable/launch_background" />
62-->src/main/AndroidManifest.xml:40:15-61
63
64            <intent-filter>
64-->src/main/AndroidManifest.xml:42:13-45:29
65                <action android:name="android.intent.action.MAIN" />
65-->src/main/AndroidManifest.xml:43:17-68
65-->src/main/AndroidManifest.xml:43:25-66
66
67                <category android:name="android.intent.category.LAUNCHER" />
67-->src/main/AndroidManifest.xml:44:17-76
67-->src/main/AndroidManifest.xml:44:27-74
68            </intent-filter>
69            <intent-filter>
69-->src/main/AndroidManifest.xml:47:13-50:29
70                <action android:name="FLUTTER_NOTIFICATION_CLICK" />
70-->src/main/AndroidManifest.xml:48:17-77
70-->src/main/AndroidManifest.xml:48:26-67
71                <action android:name="android.intent.category.DEFAULT" />
71-->src/main/AndroidManifest.xml:49:17-81
71-->src/main/AndroidManifest.xml:49:25-71
72            </intent-filter>
73        </activity>
74        <!--
75             Don't delete the meta-data below.
76             This is used by the Flutter tool to generate GeneratedPluginRegistrant.java
77        -->
78        <meta-data
78-->src/main/AndroidManifest.xml:55:9-57:33
79            android:name="flutterEmbedding"
79-->src/main/AndroidManifest.xml:56:13-44
80            android:value="2" />
80-->src/main/AndroidManifest.xml:57:13-30
81
82        <service
82-->[:firebase_analytics] AndroidManifest.xml:12:9-16:19
83            android:name="com.google.firebase.components.ComponentDiscoveryService"
83-->[:firebase_analytics] AndroidManifest.xml:12:18-89
84            android:directBootAware="true"
84-->[com.google.firebase:firebase-common:19.3.1] AndroidManifest.xml:35:13-43
85            android:exported="false" >
85-->[com.google.firebase:firebase-auth:20.0.0] AndroidManifest.xml:84:13-37
86            <meta-data
86-->[:firebase_analytics] AndroidManifest.xml:13:13-15:85
87                android:name="com.google.firebase.components:io.flutter.plugins.firebaseanalytics.FlutterFirebaseAppRegistrar"
87-->[:firebase_analytics] AndroidManifest.xml:14:17-127
88                android:value="com.google.firebase.components.ComponentRegistrar" />
88-->[:firebase_analytics] AndroidManifest.xml:15:17-82
89            <meta-data
89-->[:firebase_auth] AndroidManifest.xml:9:13-11:85
90                android:name="com.google.firebase.components:io.flutter.plugins.firebaseauth.FlutterFirebaseAppRegistrar"
90-->[:firebase_auth] AndroidManifest.xml:10:17-122
91                android:value="com.google.firebase.components.ComponentRegistrar" />
91-->[:firebase_auth] AndroidManifest.xml:11:17-82
92            <meta-data
92-->[com.google.firebase:firebase-auth:20.0.0] AndroidManifest.xml:85:13-87:85
93                android:name="com.google.firebase.components:com.google.firebase.auth.FirebaseAuthRegistrar"
93-->[com.google.firebase:firebase-auth:20.0.0] AndroidManifest.xml:86:17-109
94                android:value="com.google.firebase.components.ComponentRegistrar" />
94-->[com.google.firebase:firebase-auth:20.0.0] AndroidManifest.xml:87:17-82
95            <meta-data
95-->[:cloud_firestore] AndroidManifest.xml:9:13-11:85
96                android:name="com.google.firebase.components:io.flutter.plugins.firebase.cloudfirestore.FlutterFirebaseAppRegistrar"
96-->[:cloud_firestore] AndroidManifest.xml:10:17-133
97                android:value="com.google.firebase.components.ComponentRegistrar" />
97-->[:cloud_firestore] AndroidManifest.xml:11:17-82
98            <meta-data
98-->[:firebase_storage] AndroidManifest.xml:9:13-11:85
99                android:name="com.google.firebase.components:io.flutter.plugins.firebase.storage.FlutterFirebaseAppRegistrar"
99-->[:firebase_storage] AndroidManifest.xml:10:17-126
100                android:value="com.google.firebase.components.ComponentRegistrar" />
100-->[:firebase_storage] AndroidManifest.xml:11:17-82
101            <meta-data
101-->[:firebase_messaging] AndroidManifest.xml:14:13-16:85
102                android:name="com.google.firebase.components:io.flutter.plugins.firebasemessaging.FlutterFirebaseAppRegistrar"
102-->[:firebase_messaging] AndroidManifest.xml:15:17-127
103                android:value="com.google.firebase.components.ComponentRegistrar" />
103-->[:firebase_messaging] AndroidManifest.xml:16:17-82
104            <meta-data
104-->[:firebase_core] AndroidManifest.xml:9:13-11:85
105                android:name="com.google.firebase.components:io.flutter.plugins.firebase.core.FlutterFirebaseAppRegistrar"
105-->[:firebase_core] AndroidManifest.xml:10:17-123
106                android:value="com.google.firebase.components.ComponentRegistrar" />
106-->[:firebase_core] AndroidManifest.xml:11:17-82
107            <meta-data
107-->[com.google.firebase:firebase-messaging:21.0.0] AndroidManifest.xml:39:13-41:85
108                android:name="com.google.firebase.components:com.google.firebase.messaging.FirebaseMessagingRegistrar"
108-->[com.google.firebase:firebase-messaging:21.0.0] AndroidManifest.xml:40:17-119
109                android:value="com.google.firebase.components.ComponentRegistrar" />
109-->[com.google.firebase:firebase-messaging:21.0.0] AndroidManifest.xml:41:17-82
110            <meta-data
110-->[com.google.firebase:firebase-iid:21.0.0] AndroidManifest.xml:32:13-34:85
111                android:name="com.google.firebase.components:com.google.firebase.iid.Registrar"
111-->[com.google.firebase:firebase-iid:21.0.0] AndroidManifest.xml:33:17-96
112                android:value="com.google.firebase.components.ComponentRegistrar" />
112-->[com.google.firebase:firebase-iid:21.0.0] AndroidManifest.xml:34:17-82
113            <meta-data
113-->[com.google.firebase:firebase-firestore:22.0.0] AndroidManifest.xml:20:13-22:85
114                android:name="com.google.firebase.components:com.google.firebase.firestore.FirestoreRegistrar"
114-->[com.google.firebase:firebase-firestore:22.0.0] AndroidManifest.xml:21:17-111
115                android:value="com.google.firebase.components.ComponentRegistrar" />
115-->[com.google.firebase:firebase-firestore:22.0.0] AndroidManifest.xml:22:17-82
116            <meta-data
116-->[com.google.firebase:firebase-storage:19.2.0] AndroidManifest.xml:33:13-35:85
117                android:name="com.google.firebase.components:com.google.firebase.storage.StorageRegistrar"
117-->[com.google.firebase:firebase-storage:19.2.0] AndroidManifest.xml:34:17-107
118                android:value="com.google.firebase.components.ComponentRegistrar" />
118-->[com.google.firebase:firebase-storage:19.2.0] AndroidManifest.xml:35:17-82
119            <meta-data
119-->[com.google.android.gms:play-services-measurement-api:18.0.0] AndroidManifest.xml:30:13-32:85
120                android:name="com.google.firebase.components:com.google.firebase.analytics.connector.internal.AnalyticsConnectorRegistrar"
120-->[com.google.android.gms:play-services-measurement-api:18.0.0] AndroidManifest.xml:31:17-139
121                android:value="com.google.firebase.components.ComponentRegistrar" />
121-->[com.google.android.gms:play-services-measurement-api:18.0.0] AndroidManifest.xml:32:17-82
122            <meta-data
122-->[com.google.firebase:firebase-datatransport:17.0.3] AndroidManifest.xml:28:13-30:85
123                android:name="com.google.firebase.components:com.google.firebase.datatransport.TransportRegistrar"
123-->[com.google.firebase:firebase-datatransport:17.0.3] AndroidManifest.xml:29:17-115
124                android:value="com.google.firebase.components.ComponentRegistrar" />
124-->[com.google.firebase:firebase-datatransport:17.0.3] AndroidManifest.xml:30:17-82
125            <meta-data
125-->[com.google.firebase:firebase-installations:16.3.3] AndroidManifest.xml:17:13-19:85
126                android:name="com.google.firebase.components:com.google.firebase.installations.FirebaseInstallationsRegistrar"
126-->[com.google.firebase:firebase-installations:16.3.3] AndroidManifest.xml:18:17-127
127                android:value="com.google.firebase.components.ComponentRegistrar" />
127-->[com.google.firebase:firebase-installations:16.3.3] AndroidManifest.xml:19:17-82
128        </service>
129
130        <activity
130-->[com.google.firebase:firebase-auth:20.0.0] AndroidManifest.xml:27:9-34:50
131            android:name="com.google.firebase.auth.internal.FederatedSignInActivity"
131-->[com.google.firebase:firebase-auth:20.0.0] AndroidManifest.xml:28:13-85
132            android:excludeFromRecents="true"
132-->[com.google.firebase:firebase-auth:20.0.0] AndroidManifest.xml:29:13-46
133            android:exported="true"
133-->[com.google.firebase:firebase-auth:20.0.0] AndroidManifest.xml:30:13-36
134            android:launchMode="singleTask"
134-->[com.google.firebase:firebase-auth:20.0.0] AndroidManifest.xml:31:13-44
135            android:permission="com.google.firebase.auth.api.gms.permission.LAUNCH_FEDERATED_SIGN_IN"
135-->[com.google.firebase:firebase-auth:20.0.0] AndroidManifest.xml:32:13-102
136            android:theme="@android:style/Theme.Translucent.NoTitleBar" />
136-->[com.google.firebase:firebase-auth:20.0.0] AndroidManifest.xml:33:13-72
137        <activity
137-->[com.google.firebase:firebase-auth:20.0.0] AndroidManifest.xml:35:9-52:20
138            android:name="com.google.firebase.auth.internal.GenericIdpActivity"
138-->[com.google.firebase:firebase-auth:20.0.0] AndroidManifest.xml:36:13-80
139            android:excludeFromRecents="true"
139-->[com.google.firebase:firebase-auth:20.0.0] AndroidManifest.xml:37:13-46
140            android:exported="true"
140-->[com.google.firebase:firebase-auth:20.0.0] AndroidManifest.xml:38:13-36
141            android:launchMode="singleTask"
141-->[com.google.firebase:firebase-auth:20.0.0] AndroidManifest.xml:39:13-44
142            android:theme="@android:style/Theme.Translucent.NoTitleBar" >
142-->[com.google.firebase:firebase-auth:20.0.0] AndroidManifest.xml:40:13-72
143            <intent-filter>
143-->[com.google.firebase:firebase-auth:20.0.0] AndroidManifest.xml:41:13-51:29
144                <action android:name="android.intent.action.VIEW" />
144-->[com.google.firebase:firebase-auth:20.0.0] AndroidManifest.xml:42:17-69
144-->[com.google.firebase:firebase-auth:20.0.0] AndroidManifest.xml:42:25-66
145
146                <category android:name="android.intent.category.DEFAULT" />
146-->[com.google.firebase:firebase-auth:20.0.0] AndroidManifest.xml:44:17-76
146-->[com.google.firebase:firebase-auth:20.0.0] AndroidManifest.xml:44:27-73
147                <category android:name="android.intent.category.BROWSABLE" />
147-->[com.google.firebase:firebase-auth:20.0.0] AndroidManifest.xml:45:17-78
147-->[com.google.firebase:firebase-auth:20.0.0] AndroidManifest.xml:45:27-75
148
149                <data
149-->[com.google.firebase:firebase-auth:20.0.0] AndroidManifest.xml:47:17-50:51
150                    android:host="firebase.auth"
150-->[com.google.firebase:firebase-auth:20.0.0] AndroidManifest.xml:48:21-49
151                    android:path="/"
151-->[com.google.firebase:firebase-auth:20.0.0] AndroidManifest.xml:49:21-37
152                    android:scheme="genericidp" />
152-->[com.google.firebase:firebase-auth:20.0.0] AndroidManifest.xml:50:21-48
153            </intent-filter>
154        </activity>
155        <activity
155-->[com.google.firebase:firebase-auth:20.0.0] AndroidManifest.xml:53:9-70:20
156            android:name="com.google.firebase.auth.internal.RecaptchaActivity"
156-->[com.google.firebase:firebase-auth:20.0.0] AndroidManifest.xml:54:13-79
157            android:excludeFromRecents="true"
157-->[com.google.firebase:firebase-auth:20.0.0] AndroidManifest.xml:55:13-46
158            android:exported="true"
158-->[com.google.firebase:firebase-auth:20.0.0] AndroidManifest.xml:56:13-36
159            android:launchMode="singleTask"
159-->[com.google.firebase:firebase-auth:20.0.0] AndroidManifest.xml:57:13-44
160            android:theme="@android:style/Theme.Translucent.NoTitleBar" >
160-->[com.google.firebase:firebase-auth:20.0.0] AndroidManifest.xml:58:13-72
161            <intent-filter>
161-->[com.google.firebase:firebase-auth:20.0.0] AndroidManifest.xml:59:13-69:29
162                <action android:name="android.intent.action.VIEW" />
162-->[com.google.firebase:firebase-auth:20.0.0] AndroidManifest.xml:42:17-69
162-->[com.google.firebase:firebase-auth:20.0.0] AndroidManifest.xml:42:25-66
163
164                <category android:name="android.intent.category.DEFAULT" />
164-->[com.google.firebase:firebase-auth:20.0.0] AndroidManifest.xml:44:17-76
164-->[com.google.firebase:firebase-auth:20.0.0] AndroidManifest.xml:44:27-73
165                <category android:name="android.intent.category.BROWSABLE" />
165-->[com.google.firebase:firebase-auth:20.0.0] AndroidManifest.xml:45:17-78
165-->[com.google.firebase:firebase-auth:20.0.0] AndroidManifest.xml:45:27-75
166
167                <data
167-->[com.google.firebase:firebase-auth:20.0.0] AndroidManifest.xml:47:17-50:51
168                    android:host="firebase.auth"
168-->[com.google.firebase:firebase-auth:20.0.0] AndroidManifest.xml:48:21-49
169                    android:path="/"
169-->[com.google.firebase:firebase-auth:20.0.0] AndroidManifest.xml:49:21-37
170                    android:scheme="recaptcha" />
170-->[com.google.firebase:firebase-auth:20.0.0] AndroidManifest.xml:50:21-48
171            </intent-filter>
172        </activity>
173
174        <service
174-->[com.google.firebase:firebase-auth:20.0.0] AndroidManifest.xml:72:9-81:19
175            android:name="com.google.firebase.auth.api.fallback.service.FirebaseAuthFallbackService"
175-->[com.google.firebase:firebase-auth:20.0.0] AndroidManifest.xml:73:13-101
176            android:enabled="true"
176-->[com.google.firebase:firebase-auth:20.0.0] AndroidManifest.xml:74:13-35
177            android:exported="false" >
177-->[com.google.firebase:firebase-auth:20.0.0] AndroidManifest.xml:75:13-37
178            <intent-filter>
178-->[com.google.firebase:firebase-auth:20.0.0] AndroidManifest.xml:76:13-80:29
179                <action android:name="com.google.firebase.auth.api.gms.service.START" />
179-->[com.google.firebase:firebase-auth:20.0.0] AndroidManifest.xml:77:17-89
179-->[com.google.firebase:firebase-auth:20.0.0] AndroidManifest.xml:77:25-86
180
181                <category android:name="android.intent.category.DEFAULT" />
181-->[com.google.firebase:firebase-auth:20.0.0] AndroidManifest.xml:44:17-76
181-->[com.google.firebase:firebase-auth:20.0.0] AndroidManifest.xml:44:27-73
182            </intent-filter>
183        </service>
184
185        <provider
185-->[:image_picker] AndroidManifest.xml:11:9-19:20
186            android:name="io.flutter.plugins.imagepicker.ImagePickerFileProvider"
186-->[:image_picker] AndroidManifest.xml:12:13-82
187            android:authorities="com.trooper.trooper_hackout.flutter.image_provider"
187-->[:image_picker] AndroidManifest.xml:13:13-74
188            android:exported="false"
188-->[:image_picker] AndroidManifest.xml:14:13-37
189            android:grantUriPermissions="true" >
189-->[:image_picker] AndroidManifest.xml:15:13-47
190            <meta-data
190-->[:image_picker] AndroidManifest.xml:16:13-18:75
191                android:name="android.support.FILE_PROVIDER_PATHS"
191-->[:image_picker] AndroidManifest.xml:17:17-67
192                android:resource="@xml/flutter_image_picker_file_paths" />
192-->[:image_picker] AndroidManifest.xml:18:17-72
193        </provider>
194
195        <activity
195-->[:flutter_inappwebview] AndroidManifest.xml:8:9-11:47
196            android:name="com.pichillilorenzo.flutter_inappwebview.InAppBrowser.InAppBrowserActivity"
196-->[:flutter_inappwebview] AndroidManifest.xml:9:13-102
197            android:configChanges="orientation|screenSize"
197-->[:flutter_inappwebview] AndroidManifest.xml:10:13-59
198            android:theme="@style/AppTheme" />
198-->[:flutter_inappwebview] AndroidManifest.xml:11:13-44
199        <activity
199-->[:flutter_inappwebview] AndroidManifest.xml:12:9-15:55
200            android:name="com.pichillilorenzo.flutter_inappwebview.ChromeCustomTabs.ChromeCustomTabsActivity"
200-->[:flutter_inappwebview] AndroidManifest.xml:13:13-110
201            android:configChanges="orientation|screenSize"
201-->[:flutter_inappwebview] AndroidManifest.xml:14:13-59
202            android:theme="@style/ThemeTransparent" />
202-->[:flutter_inappwebview] AndroidManifest.xml:15:13-52
203
204        <receiver android:name="com.pichillilorenzo.flutter_inappwebview.ChromeCustomTabs.ActionBroadcastReceiver" />
204-->[:flutter_inappwebview] AndroidManifest.xml:17:9-118
204-->[:flutter_inappwebview] AndroidManifest.xml:17:19-115
205
206        <service android:name="io.flutter.plugins.firebasemessaging.FlutterFirebaseMessagingService" >
206-->[:firebase_messaging] AndroidManifest.xml:8:9-12:19
206-->[:firebase_messaging] AndroidManifest.xml:8:18-101
207            <intent-filter>
207-->[:firebase_messaging] AndroidManifest.xml:9:13-11:29
208                <action android:name="com.google.firebase.MESSAGING_EVENT" />
208-->[:firebase_messaging] AndroidManifest.xml:10:17-78
208-->[:firebase_messaging] AndroidManifest.xml:10:25-75
209            </intent-filter>
210        </service>
211
212        <activity
212-->[:url_launcher] AndroidManifest.xml:8:9-11:74
213            android:name="io.flutter.plugins.urllauncher.WebViewActivity"
213-->[:url_launcher] AndroidManifest.xml:9:13-74
214            android:exported="false"
214-->[:url_launcher] AndroidManifest.xml:10:13-37
215            android:theme="@android:style/Theme.NoTitleBar.Fullscreen" />
215-->[:url_launcher] AndroidManifest.xml:11:13-71
216        <!--
217             FirebaseMessagingService performs security checks at runtime,
218             but set to not exported to explicitly avoid allowing another app to call it.
219        -->
220        <service
220-->[com.google.firebase:firebase-messaging:21.0.0] AndroidManifest.xml:28:9-35:19
221            android:name="com.google.firebase.messaging.FirebaseMessagingService"
221-->[com.google.firebase:firebase-messaging:21.0.0] AndroidManifest.xml:29:13-82
222            android:directBootAware="true"
222-->[com.google.firebase:firebase-messaging:21.0.0] AndroidManifest.xml:30:13-43
223            android:exported="false" >
223-->[com.google.firebase:firebase-messaging:21.0.0] AndroidManifest.xml:31:13-37
224            <intent-filter android:priority="-500" >
224-->[:firebase_messaging] AndroidManifest.xml:9:13-11:29
225                <action android:name="com.google.firebase.MESSAGING_EVENT" />
225-->[:firebase_messaging] AndroidManifest.xml:10:17-78
225-->[:firebase_messaging] AndroidManifest.xml:10:25-75
226            </intent-filter>
227        </service>
228
229        <receiver
229-->[com.google.firebase:firebase-iid:21.0.0] AndroidManifest.xml:37:9-44:20
230            android:name="com.google.firebase.iid.FirebaseInstanceIdReceiver"
230-->[com.google.firebase:firebase-iid:21.0.0] AndroidManifest.xml:38:13-78
231            android:exported="true"
231-->[com.google.firebase:firebase-iid:21.0.0] AndroidManifest.xml:39:13-36
232            android:permission="com.google.android.c2dm.permission.SEND" >
232-->[com.google.firebase:firebase-iid:21.0.0] AndroidManifest.xml:40:13-73
233            <intent-filter>
233-->[com.google.firebase:firebase-iid:21.0.0] AndroidManifest.xml:41:13-43:29
234                <action android:name="com.google.android.c2dm.intent.RECEIVE" />
234-->[com.google.firebase:firebase-iid:21.0.0] AndroidManifest.xml:42:17-81
234-->[com.google.firebase:firebase-iid:21.0.0] AndroidManifest.xml:42:25-78
235            </intent-filter>
236        </receiver>
237
238        <provider
238-->[com.google.firebase:firebase-common:19.3.1] AndroidManifest.xml:26:9-31:39
239            android:name="com.google.firebase.provider.FirebaseInitProvider"
239-->[com.google.firebase:firebase-common:19.3.1] AndroidManifest.xml:27:13-77
240            android:authorities="com.trooper.trooper_hackout.firebaseinitprovider"
240-->[com.google.firebase:firebase-common:19.3.1] AndroidManifest.xml:28:13-72
241            android:directBootAware="true"
241-->[com.google.firebase:firebase-common:19.3.1] AndroidManifest.xml:29:13-43
242            android:exported="false"
242-->[com.google.firebase:firebase-common:19.3.1] AndroidManifest.xml:30:13-37
243            android:initOrder="100" />
243-->[com.google.firebase:firebase-common:19.3.1] AndroidManifest.xml:31:13-36
244
245        <activity
245-->[com.google.android.gms:play-services-auth:16.0.1] AndroidManifest.xml:23:9-27:75
246            android:name="com.google.android.gms.auth.api.signin.internal.SignInHubActivity"
246-->[com.google.android.gms:play-services-auth:16.0.1] AndroidManifest.xml:24:13-93
247            android:excludeFromRecents="true"
247-->[com.google.android.gms:play-services-auth:16.0.1] AndroidManifest.xml:25:13-46
248            android:exported="false"
248-->[com.google.android.gms:play-services-auth:16.0.1] AndroidManifest.xml:26:13-37
249            android:theme="@android:style/Theme.Translucent.NoTitleBar" />
249-->[com.google.android.gms:play-services-auth:16.0.1] AndroidManifest.xml:27:13-72
250        <!--
251            Service handling Google Sign-In user revocation. For apps that do not integrate with
252            Google Sign-In, this service will never be started.
253        -->
254        <service
254-->[com.google.android.gms:play-services-auth:16.0.1] AndroidManifest.xml:33:9-36:110
255            android:name="com.google.android.gms.auth.api.signin.RevocationBoundService"
255-->[com.google.android.gms:play-services-auth:16.0.1] AndroidManifest.xml:34:13-89
256            android:exported="true"
256-->[com.google.android.gms:play-services-auth:16.0.1] AndroidManifest.xml:35:13-36
257            android:permission="com.google.android.gms.auth.api.signin.permission.REVOCATION_NOTIFICATION" />
257-->[com.google.android.gms:play-services-auth:16.0.1] AndroidManifest.xml:36:13-107
258
259        <activity
259-->[com.google.android.gms:play-services-base:17.1.0] AndroidManifest.xml:23:9-26:75
260            android:name="com.google.android.gms.common.api.GoogleApiActivity"
260-->[com.google.android.gms:play-services-base:17.1.0] AndroidManifest.xml:24:13-79
261            android:exported="false"
261-->[com.google.android.gms:play-services-base:17.1.0] AndroidManifest.xml:25:13-37
262            android:theme="@android:style/Theme.Translucent.NoTitleBar" />
262-->[com.google.android.gms:play-services-base:17.1.0] AndroidManifest.xml:26:13-72
263
264        <receiver
264-->[com.google.android.gms:play-services-measurement:18.0.0] AndroidManifest.xml:29:9-33:20
265            android:name="com.google.android.gms.measurement.AppMeasurementReceiver"
265-->[com.google.android.gms:play-services-measurement:18.0.0] AndroidManifest.xml:30:13-85
266            android:enabled="true"
266-->[com.google.android.gms:play-services-measurement:18.0.0] AndroidManifest.xml:31:13-35
267            android:exported="false" >
267-->[com.google.android.gms:play-services-measurement:18.0.0] AndroidManifest.xml:32:13-37
268        </receiver>
269
270        <service
270-->[com.google.android.gms:play-services-measurement:18.0.0] AndroidManifest.xml:35:9-38:40
271            android:name="com.google.android.gms.measurement.AppMeasurementService"
271-->[com.google.android.gms:play-services-measurement:18.0.0] AndroidManifest.xml:36:13-84
272            android:enabled="true"
272-->[com.google.android.gms:play-services-measurement:18.0.0] AndroidManifest.xml:37:13-35
273            android:exported="false" />
273-->[com.google.android.gms:play-services-measurement:18.0.0] AndroidManifest.xml:38:13-37
274        <service
274-->[com.google.android.gms:play-services-measurement:18.0.0] AndroidManifest.xml:39:9-43:72
275            android:name="com.google.android.gms.measurement.AppMeasurementJobService"
275-->[com.google.android.gms:play-services-measurement:18.0.0] AndroidManifest.xml:40:13-87